<?xml version="1.0" encoding="UTF-8"?>
<testsuites>
  <testsuite name="Project Test Suite" tests="38" assertions="82" errors="0" failures="0" skipped="0" time="0.190409">
    <testsuite name="TS\Data\Tree\Test\AttributesTest" file="E:\dev\data-tree\tests\AttributesTest.php" tests="6" assertions="13" errors="0" failures="0" skipped="0" time="0.047901">
      <testcase name="testSetAttribute" class="TS\Data\Tree\Test\AttributesTest" classname="TS.Data.Tree.Test.AttributesTest" file="E:\dev\data-tree\tests\AttributesTest.php" line="17" assertions="2" time="0.023188"/>
      <testcase name="testRemoveAttribute" class="TS\Data\Tree\Test\AttributesTest" classname="TS.Data.Tree.Test.AttributesTest" file="E:\dev\data-tree\tests\AttributesTest.php" line="23" assertions="2" time="0.007223"/>
      <testcase name="testHasAttributes" class="TS\Data\Tree\Test\AttributesTest" classname="TS.Data.Tree.Test.AttributesTest" file="E:\dev\data-tree\tests\AttributesTest.php" line="30" assertions="2" time="0.002998"/>
      <testcase name="testGetAttribute" class="TS\Data\Tree\Test\AttributesTest" classname="TS.Data.Tree.Test.AttributesTest" file="E:\dev\data-tree\tests\AttributesTest.php" line="36" assertions="2" time="0.004146"/>
      <testcase name="testGetAttributeDefault" class="TS\Data\Tree\Test\AttributesTest" classname="TS.Data.Tree.Test.AttributesTest" file="E:\dev\data-tree\tests\AttributesTest.php" line="42" assertions="3" time="0.006797"/>
      <testcase name="testGetAttributes" class="TS\Data\Tree\Test\AttributesTest" classname="TS.Data.Tree.Test.AttributesTest" file="E:\dev\data-tree\tests\AttributesTest.php" line="49" assertions="2" time="0.003549"/>
    </testsuite>
    <testsuite name="TS\Data\Tree\Test\ChildrenTest" file="E:\dev\data-tree\tests\ChildrenTest.php" tests="14" assertions="41" errors="0" failures="0" skipped="0" time="0.071828">
      <testcase name="testGetChildren" class="TS\Data\Tree\Test\ChildrenTest" classname="TS.Data.Tree.Test.ChildrenTest" file="E:\dev\data-tree\tests\ChildrenTest.php" line="17" assertions="10" time="0.006671"/>
      <testcase name="testRemove" class="TS\Data\Tree\Test\ChildrenTest" classname="TS.Data.Tree.Test.ChildrenTest" file="E:\dev\data-tree\tests\ChildrenTest.php" line="32" assertions="5" time="0.007468"/>
      <testcase name="testRemoveChild" class="TS\Data\Tree\Test\ChildrenTest" classname="TS.Data.Tree.Test.ChildrenTest" file="E:\dev\data-tree\tests\ChildrenTest.php" line="61" assertions="5" time="0.004749"/>
      <testcase name="testRemoveChildInvalid" class="TS\Data\Tree\Test\ChildrenTest" classname="TS.Data.Tree.Test.ChildrenTest" file="E:\dev\data-tree\tests\ChildrenTest.php" line="72" assertions="1" time="0.006118"/>
      <testcase name="testRemoveChildAtOutOfRange" class="TS\Data\Tree\Test\ChildrenTest" classname="TS.Data.Tree.Test.ChildrenTest" file="E:\dev\data-tree\tests\ChildrenTest.php" line="78" assertions="1" time="0.004301"/>
      <testcase name="testRemoveChildAt" class="TS\Data\Tree\Test\ChildrenTest" classname="TS.Data.Tree.Test.ChildrenTest" file="E:\dev\data-tree\tests\ChildrenTest.php" line="84" assertions="5" time="0.005812"/>
      <testcase name="testAddChild" class="TS\Data\Tree\Test\ChildrenTest" classname="TS.Data.Tree.Test.ChildrenTest" file="E:\dev\data-tree\tests\ChildrenTest.php" line="95" assertions="4" time="0.004314"/>
      <testcase name="testAddChildAlreadyAdded" class="TS\Data\Tree\Test\ChildrenTest" classname="TS.Data.Tree.Test.ChildrenTest" file="E:\dev\data-tree\tests\ChildrenTest.php" line="106" assertions="1" time="0.004237"/>
      <testcase name="testInsertChildAt" class="TS\Data\Tree\Test\ChildrenTest" classname="TS.Data.Tree.Test.ChildrenTest" file="E:\dev\data-tree\tests\ChildrenTest.php" line="112" assertions="2" time="0.003920"/>
      <testcase name="testInsertChildOutOfRange" class="TS\Data\Tree\Test\ChildrenTest" classname="TS.Data.Tree.Test.ChildrenTest" file="E:\dev\data-tree\tests\ChildrenTest.php" line="121" assertions="1" time="0.004954"/>
      <testcase name="testInsertChildNegativeRange" class="TS\Data\Tree\Test\ChildrenTest" classname="TS.Data.Tree.Test.ChildrenTest" file="E:\dev\data-tree\tests\ChildrenTest.php" line="126" assertions="1" time="0.003778"/>
      <testcase name="testGetChildAt" class="TS\Data\Tree\Test\ChildrenTest" classname="TS.Data.Tree.Test.ChildrenTest" file="E:\dev\data-tree\tests\ChildrenTest.php" line="132" assertions="3" time="0.005799"/>
      <testcase name="testGetChildAtOutOfRange" class="TS\Data\Tree\Test\ChildrenTest" classname="TS.Data.Tree.Test.ChildrenTest" file="E:\dev\data-tree\tests\ChildrenTest.php" line="139" assertions="1" time="0.004419"/>
      <testcase name="testGetChildAtNegativeRange" class="TS\Data\Tree\Test\ChildrenTest" classname="TS.Data.Tree.Test.ChildrenTest" file="E:\dev\data-tree\tests\ChildrenTest.php" line="144" assertions="1" time="0.005288"/>
    </testsuite>
    <testsuite name="TS\Data\Tree\Test\DocTest" file="E:\dev\data-tree\tests\DocTest.php" tests="1" assertions="1" errors="0" failures="0" skipped="0" time="0.004326">
      <testcase name="test" class="TS\Data\Tree\Test\DocTest" classname="TS.Data.Tree.Test.DocTest" file="E:\dev\data-tree\tests\DocTest.php" line="17" assertions="1" time="0.004326"/>
    </testsuite>
    <testsuite name="TS\Data\Tree\Test\LookupTest" file="E:\dev\data-tree\tests\LookupTest.php" tests="12" assertions="22" errors="0" failures="0" skipped="0" time="0.049570">
      <testcase name="testAncestors" class="TS\Data\Tree\Test\LookupTest" classname="TS.Data.Tree.Test.LookupTest" file="E:\dev\data-tree\tests\LookupTest.php" line="17" assertions="3" time="0.005099"/>
      <testcase name="testAncestorsWhere" class="TS\Data\Tree\Test\LookupTest" classname="TS.Data.Tree.Test.LookupTest" file="E:\dev\data-tree\tests\LookupTest.php" line="25" assertions="2" time="0.004719"/>
      <testcase name="testAncestor" class="TS\Data\Tree\Test\LookupTest" classname="TS.Data.Tree.Test.LookupTest" file="E:\dev\data-tree\tests\LookupTest.php" line="34" assertions="2" time="0.004077"/>
      <testcase name="testDescendants" class="TS\Data\Tree\Test\LookupTest" classname="TS.Data.Tree.Test.LookupTest" file="E:\dev\data-tree\tests\LookupTest.php" line="46" assertions="1" time="0.003986"/>
      <testcase name="testDescendantsWhere" class="TS\Data\Tree\Test\LookupTest" classname="TS.Data.Tree.Test.LookupTest" file="E:\dev\data-tree\tests\LookupTest.php" line="52" assertions="2" time="0.004692"/>
      <testcase name="testDescendant" class="TS\Data\Tree\Test\LookupTest" classname="TS.Data.Tree.Test.LookupTest" file="E:\dev\data-tree\tests\LookupTest.php" line="61" assertions="2" time="0.004342"/>
      <testcase name="testSiblings" class="TS\Data\Tree\Test\LookupTest" classname="TS.Data.Tree.Test.LookupTest" file="E:\dev\data-tree\tests\LookupTest.php" line="73" assertions="2" time="0.003798"/>
      <testcase name="testSiblingsWhere" class="TS\Data\Tree\Test\LookupTest" classname="TS.Data.Tree.Test.LookupTest" file="E:\dev\data-tree\tests\LookupTest.php" line="83" assertions="2" time="0.003983"/>
      <testcase name="testSibling" class="TS\Data\Tree\Test\LookupTest" classname="TS.Data.Tree.Test.LookupTest" file="E:\dev\data-tree\tests\LookupTest.php" line="92" assertions="2" time="0.003671"/>
      <testcase name="testChildren" class="TS\Data\Tree\Test\LookupTest" classname="TS.Data.Tree.Test.LookupTest" file="E:\dev\data-tree\tests\LookupTest.php" line="104" assertions="1" time="0.003412"/>
      <testcase name="testChild" class="TS\Data\Tree\Test\LookupTest" classname="TS.Data.Tree.Test.LookupTest" file="E:\dev\data-tree\tests\LookupTest.php" line="112" assertions="2" time="0.004288"/>
      <testcase name="testFindRootNode" class="TS\Data\Tree\Test\LookupTest" classname="TS.Data.Tree.Test.LookupTest" file="E:\dev\data-tree\tests\LookupTest.php" line="124" assertions="1" time="0.003503"/>
    </testsuite>
    <testsuite name="TS\Data\Tree\Test\ProtectedAccess\AccessTest" file="E:\dev\data-tree\tests\Protected\AccessTest.php" tests="2" assertions="2" errors="0" failures="0" skipped="0" time="0.005006">
      <testcase name="testClassUsingNodeTrait" class="TS\Data\Tree\Test\ProtectedAccess\AccessTest" classname="TS.Data.Tree.Test.ProtectedAccess.AccessTest" file="E:\dev\data-tree\tests\Protected\AccessTest.php" line="30" assertions="1" time="0.002466"/>
      <testcase name="testClassExtendingNode" class="TS\Data\Tree\Test\ProtectedAccess\AccessTest" classname="TS.Data.Tree.Test.ProtectedAccess.AccessTest" file="E:\dev\data-tree\tests\Protected\AccessTest.php" line="37" assertions="1" time="0.002540"/>
    </testsuite>
    <testsuite name="TS\Data\Tree\Test\ToStringTest" file="E:\dev\data-tree\tests\ToStringTest.php" tests="3" assertions="3" errors="0" failures="0" skipped="0" time="0.011778">
      <testcase name="testFoo" class="TS\Data\Tree\Test\ToStringTest" classname="TS.Data.Tree.Test.ToStringTest" file="E:\dev\data-tree\tests\ToStringTest.php" line="18" assertions="1" time="0.004238"/>
      <testcase name="testBar" class="TS\Data\Tree\Test\ToStringTest" classname="TS.Data.Tree.Test.ToStringTest" file="E:\dev\data-tree\tests\ToStringTest.php" line="24" assertions="1" time="0.003505"/>
      <testcase name="testFooWithAttribute" class="TS\Data\Tree\Test\ToStringTest" classname="TS.Data.Tree.Test.ToStringTest" file="E:\dev\data-tree\tests\ToStringTest.php" line="30" assertions="1" time="0.004035"/>
    </testsuite>
  </testsuite>
</testsuites>
