<?xml version="1.0" encoding="UTF-8"?>
<testsuites>
  <testsuite name="Project Test Suite" tests="38" assertions="82" errors="0" failures="0" skipped="0" time="0.230336">
    <testsuite name="TS\Data\Tree\Test\AttributesTest" file="E:\dev\data-tree\tests\AttributesTest.php" tests="6" assertions="13" errors="0" failures="0" skipped="0" time="0.048420">
      <testcase name="testSetAttribute" class="TS\Data\Tree\Test\AttributesTest" classname="TS.Data.Tree.Test.AttributesTest" file="E:\dev\data-tree\tests\AttributesTest.php" line="17" assertions="2" time="0.023789"/>
      <testcase name="testRemoveAttribute" class="TS\Data\Tree\Test\AttributesTest" classname="TS.Data.Tree.Test.AttributesTest" file="E:\dev\data-tree\tests\AttributesTest.php" line="23" assertions="2" time="0.006722"/>
      <testcase name="testHasAttributes" class="TS\Data\Tree\Test\AttributesTest" classname="TS.Data.Tree.Test.AttributesTest" file="E:\dev\data-tree\tests\AttributesTest.php" line="30" assertions="2" time="0.002994"/>
      <testcase name="testGetAttribute" class="TS\Data\Tree\Test\AttributesTest" classname="TS.Data.Tree.Test.AttributesTest" file="E:\dev\data-tree\tests\AttributesTest.php" line="36" assertions="2" time="0.005709"/>
      <testcase name="testGetAttributeDefault" class="TS\Data\Tree\Test\AttributesTest" classname="TS.Data.Tree.Test.AttributesTest" file="E:\dev\data-tree\tests\AttributesTest.php" line="42" assertions="3" time="0.005723"/>
      <testcase name="testGetAttributes" class="TS\Data\Tree\Test\AttributesTest" classname="TS.Data.Tree.Test.AttributesTest" file="E:\dev\data-tree\tests\AttributesTest.php" line="49" assertions="2" time="0.003483"/>
    </testsuite>
    <testsuite name="TS\Data\Tree\Test\ChildrenTest" file="E:\dev\data-tree\tests\ChildrenTest.php" tests="14" assertions="41" errors="0" failures="0" skipped="0" time="0.079407">
      <testcase name="testGetChildren" class="TS\Data\Tree\Test\ChildrenTest" classname="TS.Data.Tree.Test.ChildrenTest" file="E:\dev\data-tree\tests\ChildrenTest.php" line="17" assertions="10" time="0.008234"/>
      <testcase name="testRemove" class="TS\Data\Tree\Test\ChildrenTest" classname="TS.Data.Tree.Test.ChildrenTest" file="E:\dev\data-tree\tests\ChildrenTest.php" line="32" assertions="5" time="0.008008"/>
      <testcase name="testRemoveChild" class="TS\Data\Tree\Test\ChildrenTest" classname="TS.Data.Tree.Test.ChildrenTest" file="E:\dev\data-tree\tests\ChildrenTest.php" line="61" assertions="5" time="0.005452"/>
      <testcase name="testRemoveChildInvalid" class="TS\Data\Tree\Test\ChildrenTest" classname="TS.Data.Tree.Test.ChildrenTest" file="E:\dev\data-tree\tests\ChildrenTest.php" line="72" assertions="1" time="0.008186"/>
      <testcase name="testRemoveChildAtOutOfRange" class="TS\Data\Tree\Test\ChildrenTest" classname="TS.Data.Tree.Test.ChildrenTest" file="E:\dev\data-tree\tests\ChildrenTest.php" line="78" assertions="1" time="0.004596"/>
      <testcase name="testRemoveChildAt" class="TS\Data\Tree\Test\ChildrenTest" classname="TS.Data.Tree.Test.ChildrenTest" file="E:\dev\data-tree\tests\ChildrenTest.php" line="84" assertions="5" time="0.007015"/>
      <testcase name="testAddChild" class="TS\Data\Tree\Test\ChildrenTest" classname="TS.Data.Tree.Test.ChildrenTest" file="E:\dev\data-tree\tests\ChildrenTest.php" line="95" assertions="4" time="0.005129"/>
      <testcase name="testAddChildAlreadyAdded" class="TS\Data\Tree\Test\ChildrenTest" classname="TS.Data.Tree.Test.ChildrenTest" file="E:\dev\data-tree\tests\ChildrenTest.php" line="106" assertions="1" time="0.004293"/>
      <testcase name="testInsertChildAt" class="TS\Data\Tree\Test\ChildrenTest" classname="TS.Data.Tree.Test.ChildrenTest" file="E:\dev\data-tree\tests\ChildrenTest.php" line="112" assertions="2" time="0.003905"/>
      <testcase name="testInsertChildOutOfRange" class="TS\Data\Tree\Test\ChildrenTest" classname="TS.Data.Tree.Test.ChildrenTest" file="E:\dev\data-tree\tests\ChildrenTest.php" line="121" assertions="1" time="0.005750"/>
      <testcase name="testInsertChildNegativeRange" class="TS\Data\Tree\Test\ChildrenTest" classname="TS.Data.Tree.Test.ChildrenTest" file="E:\dev\data-tree\tests\ChildrenTest.php" line="126" assertions="1" time="0.004157"/>
      <testcase name="testGetChildAt" class="TS\Data\Tree\Test\ChildrenTest" classname="TS.Data.Tree.Test.ChildrenTest" file="E:\dev\data-tree\tests\ChildrenTest.php" line="132" assertions="3" time="0.005682"/>
      <testcase name="testGetChildAtOutOfRange" class="TS\Data\Tree\Test\ChildrenTest" classname="TS.Data.Tree.Test.ChildrenTest" file="E:\dev\data-tree\tests\ChildrenTest.php" line="139" assertions="1" time="0.003554"/>
      <testcase name="testGetChildAtNegativeRange" class="TS\Data\Tree\Test\ChildrenTest" classname="TS.Data.Tree.Test.ChildrenTest" file="E:\dev\data-tree\tests\ChildrenTest.php" line="144" assertions="1" time="0.005447"/>
    </testsuite>
    <testsuite name="TS\Data\Tree\Test\DocTest" file="E:\dev\data-tree\tests\DocTest.php" tests="1" assertions="1" errors="0" failures="0" skipped="0" time="0.006693">
      <testcase name="test" class="TS\Data\Tree\Test\DocTest" classname="TS.Data.Tree.Test.DocTest" file="E:\dev\data-tree\tests\DocTest.php" line="17" assertions="1" time="0.006693"/>
    </testsuite>
    <testsuite name="TS\Data\Tree\Test\LookupTest" file="E:\dev\data-tree\tests\LookupTest.php" tests="12" assertions="22" errors="0" failures="0" skipped="0" time="0.073868">
      <testcase name="testAncestors" class="TS\Data\Tree\Test\LookupTest" classname="TS.Data.Tree.Test.LookupTest" file="E:\dev\data-tree\tests\LookupTest.php" line="17" assertions="3" time="0.006009"/>
      <testcase name="testAncestorsWhere" class="TS\Data\Tree\Test\LookupTest" classname="TS.Data.Tree.Test.LookupTest" file="E:\dev\data-tree\tests\LookupTest.php" line="25" assertions="2" time="0.006642"/>
      <testcase name="testAncestor" class="TS\Data\Tree\Test\LookupTest" classname="TS.Data.Tree.Test.LookupTest" file="E:\dev\data-tree\tests\LookupTest.php" line="34" assertions="2" time="0.006719"/>
      <testcase name="testDescendants" class="TS\Data\Tree\Test\LookupTest" classname="TS.Data.Tree.Test.LookupTest" file="E:\dev\data-tree\tests\LookupTest.php" line="46" assertions="1" time="0.005879"/>
      <testcase name="testDescendantsWhere" class="TS\Data\Tree\Test\LookupTest" classname="TS.Data.Tree.Test.LookupTest" file="E:\dev\data-tree\tests\LookupTest.php" line="52" assertions="2" time="0.006517"/>
      <testcase name="testDescendant" class="TS\Data\Tree\Test\LookupTest" classname="TS.Data.Tree.Test.LookupTest" file="E:\dev\data-tree\tests\LookupTest.php" line="61" assertions="2" time="0.006917"/>
      <testcase name="testSiblings" class="TS\Data\Tree\Test\LookupTest" classname="TS.Data.Tree.Test.LookupTest" file="E:\dev\data-tree\tests\LookupTest.php" line="73" assertions="2" time="0.005627"/>
      <testcase name="testSiblingsWhere" class="TS\Data\Tree\Test\LookupTest" classname="TS.Data.Tree.Test.LookupTest" file="E:\dev\data-tree\tests\LookupTest.php" line="83" assertions="2" time="0.004318"/>
      <testcase name="testSibling" class="TS\Data\Tree\Test\LookupTest" classname="TS.Data.Tree.Test.LookupTest" file="E:\dev\data-tree\tests\LookupTest.php" line="92" assertions="2" time="0.005171"/>
      <testcase name="testChildren" class="TS\Data\Tree\Test\LookupTest" classname="TS.Data.Tree.Test.LookupTest" file="E:\dev\data-tree\tests\LookupTest.php" line="104" assertions="1" time="0.005498"/>
      <testcase name="testChild" class="TS\Data\Tree\Test\LookupTest" classname="TS.Data.Tree.Test.LookupTest" file="E:\dev\data-tree\tests\LookupTest.php" line="112" assertions="2" time="0.009191"/>
      <testcase name="testFindRootNode" class="TS\Data\Tree\Test\LookupTest" classname="TS.Data.Tree.Test.LookupTest" file="E:\dev\data-tree\tests\LookupTest.php" line="124" assertions="1" time="0.005380"/>
    </testsuite>
    <testsuite name="TS\Data\Tree\Test\ProtectedAccess\AccessTest" file="E:\dev\data-tree\tests\Protected\AccessTest.php" tests="2" assertions="2" errors="0" failures="0" skipped="0" time="0.005810">
      <testcase name="testClassUsingNodeTrait" class="TS\Data\Tree\Test\ProtectedAccess\AccessTest" classname="TS.Data.Tree.Test.ProtectedAccess.AccessTest" file="E:\dev\data-tree\tests\Protected\AccessTest.php" line="30" assertions="1" time="0.002878"/>
      <testcase name="testClassExtendingNode" class="TS\Data\Tree\Test\ProtectedAccess\AccessTest" classname="TS.Data.Tree.Test.ProtectedAccess.AccessTest" file="E:\dev\data-tree\tests\Protected\AccessTest.php" line="37" assertions="1" time="0.002932"/>
    </testsuite>
    <testsuite name="TS\Data\Tree\Test\ToStringTest" file="E:\dev\data-tree\tests\ToStringTest.php" tests="3" assertions="3" errors="0" failures="0" skipped="0" time="0.016137">
      <testcase name="testFoo" class="TS\Data\Tree\Test\ToStringTest" classname="TS.Data.Tree.Test.ToStringTest" file="E:\dev\data-tree\tests\ToStringTest.php" line="18" assertions="1" time="0.005613"/>
      <testcase name="testBar" class="TS\Data\Tree\Test\ToStringTest" classname="TS.Data.Tree.Test.ToStringTest" file="E:\dev\data-tree\tests\ToStringTest.php" line="24" assertions="1" time="0.006499"/>
      <testcase name="testFooWithAttribute" class="TS\Data\Tree\Test\ToStringTest" classname="TS.Data.Tree.Test.ToStringTest" file="E:\dev\data-tree\tests\ToStringTest.php" line="30" assertions="1" time="0.004025"/>
    </testsuite>
  </testsuite>
</testsuites>
